#-----------------------------------------------------------
# Vivado v2018.3.1 (64-bit)
# SW Build 2489853 on Tue Mar 26 04:18:30 MDT 2019
# IP Build 2486929 on Tue Mar 26 06:44:21 MDT 2019
# Start of session at: Thu Feb 20 12:39:39 2020
# Process ID: 13529
# Current directory: /home/bini/gcu4garfield/Firmware_GCU1F3/src/ip_cores/eth_ip
# Command line: vivado -mode batch -source create_ip.tcl
# Log file: /home/bini/gcu4garfield/Firmware_GCU1F3/src/ip_cores/eth_ip/vivado.log
# Journal file: /home/bini/gcu4garfield/Firmware_GCU1F3/src/ip_cores/eth_ip/vivado.jou
#-----------------------------------------------------------
source create_ip.tcl
# set_part xc7k325tffg900-2
INFO: [Coretcl 2-1500] The part has been set to 'xc7k325tffg900-2' for the current project only. Run set_part -help for more details. To evaluate different speed grades in the current design, use the set_speed_grade command, or use the open_checkpoint -part command to change the part used by an existing checkpoint design.
# read_ip tri_mode_ethernet_mac_0.xci
INFO: [IP_Flow 19-234] Refreshing IP repositories
INFO: [IP_Flow 19-1704] No user IP repositories specified
INFO: [IP_Flow 19-2313] Loaded Vivado IP repository '/home/bini/Xilinx/Vivado/2018.3/data/ip'.
# set_property IS_MANAGED true [get_files tri_mode_ethernet_mac_0.xci]
# set_property  target_language VHDL [current_project]
# generate_target synthesis [get_ips ]
INFO: [IP_Flow 19-1686] Generating 'Synthesis' target for IP 'tri_mode_ethernet_mac_0'...
WARNING: [IP_Flow 19-650] IP license key 'eth_avb_endpoint@2015.04' is enabled with a Design_Linking license.
WARNING: [IP_Flow 19-650] IP license key 'eth_avb_endpoint@2015.04' is enabled with a Design_Linking license.
WARNING: [IP_Flow 19-650] IP license key 'tri_mode_eth_mac@2015.04' is enabled with a Hardware_Evaluation license.
WARNING: [IP_Flow 19-650] IP license key 'tri_mode_eth_mac@2015.04' is enabled with a Hardware_Evaluation license.
INFO: [IP_Flow 19-1686] Generating 'Implementation' target for IP 'tri_mode_ethernet_mac_0'...
INFO: [Common 17-206] Exiting Vivado at Thu Feb 20 12:39:48 2020...
