#
# An unexpected error has occurred (11)
#
Stack:
/lib/x86_64-linux-gnu/libc.so.6(+0x33060) [0x7f4add932060]
/home/bini/Xilinx/Vivado/2018.3/lib/lnx64.o/librdi_psta.so(sta::TimingArcSet::checksum(sta::Checksum&) const+0x61) [0x7f4aac2eb8c1]
/home/bini/Xilinx/Vivado/2018.3/lib/lnx64.o/librdi_psta.so(sta::LibraryCatalog::initTimingArcSetMap()+0x239) [0x7f4aac32d689]
/home/bini/Xilinx/Vivado/2018.3/lib/lnx64.o/librdi_psta.so(sta::LibraryCatalog::LibraryCatalog(sta::Network*, sta::LibraryCatalog::Mode)+0x14c) [0x7f4aac32dc4c]
/home/bini/Xilinx/Vivado/2018.3/lib/lnx64.o/librdi_timing.so(HASTRWNetlistContext::HASTRWNetlistContext(HFLFloorplan const*, HASTStaBase*, HASTRWNetlistContext::Mode)+0x131) [0x7f4aaa1cee31]
/home/bini/Xilinx/Vivado/2018.3/lib/lnx64.o/librdi_timing.so(HASTRWWriterImpl::write(std::__cxx11::basic_string<char, std::char_traits<char>, std::allocator<char> > const&)+0x2ed) [0x7f4aaa1dc69d]
/home/bini/Xilinx/Vivado/2018.3/lib/lnx64.o/librdi_runs.so(DcpWriter::exportBinaryConstrs()+0x2af) [0x7f4aab36a70f]
/home/bini/Xilinx/Vivado/2018.3/lib/lnx64.o/librdi_runs.so(+0xf2f3c) [0x7f4aab36cf3c]
/home/bini/Xilinx/Vivado/2018.3/lib/lnx64.o/librdi_runs.so(+0xf3aa9) [0x7f4aab36daa9]
/lib/x86_64-linux-gnu/libpthread.so.0(+0xe739) [0x7f4add6f0739]
/home/bini/Xilinx/Vivado/2018.3/lib/lnx64.o/librdi_runs.so(+0xe36e2) [0x7f4aab35d6e2]
/home/bini/Xilinx/Vivado/2018.3/lib/lnx64.o/librdi_runs.so(+0xf48a3) [0x7f4aab36e8a3]
/home/bini/Xilinx/Vivado/2018.3/lib/lnx64.o/librdi_runs.so(DcpWriter::_create()+0xa35) [0x7f4aab36b7e5]
/home/bini/Xilinx/Vivado/2018.3/lib/lnx64.o/librdi_runs.so(DcpWriter::_create_with_error_handling()+0x2a) [0x7f4aab36c77a]
/home/bini/Xilinx/Vivado/2018.3/lib/lnx64.o/librdi_project.so(HAPRDesignCheckpoint::create(HAPRDesign*, HBOBoard const*, std::__cxx11::basic_string<char, std::char_traits<char>, std::allocator<char> > const&, std::__cxx11::basic_string<char, std::char_traits<char>, std::allocator<char> > const&, bool, bool, bool, bool, bool, std::__cxx11::basic_string<char, std::char_traits<char>, std::allocator<char> > const&, bool, std::__cxx11::basic_string<char, std::char_traits<char>, std::allocator<char> > const&, bool, bool, std::vector<std::__cxx11::basic_string<char, std::char_traits<char>, std::allocator<char> >, std::allocator<std::__cxx11::basic_string<char, std::char_traits<char>, std::allocator<char> > > >&, HDGUIStatus&)+0x346) [0x7f4aacb74846]
/home/bini/Xilinx/Vivado/2018.3/lib/lnx64.o/librdi_tcltasks.so(+0x1ca1697) [0x7f4ad0fce697]
/home/bini/Xilinx/Vivado/2018.3/lib/lnx64.o/librdi_common.so(+0x7ef352) [0x7f4adec2e352]
/home/bini/Xilinx/Vivado/2018.3/lib/lnx64.o/libtcl8.5.so(+0x334af) [0x7f4ad8e5a4af]
/home/bini/Xilinx/Vivado/2018.3/lib/lnx64.o/libtcl8.5.so(+0x34b38) [0x7f4ad8e5bb38]
/home/bini/Xilinx/Vivado/2018.3/lib/lnx64.o/libtcl8.5.so(Tcl_EvalEx+0x13) [0x7f4ad8e5c0a3]
/home/bini/Xilinx/Vivado/2018.3/lib/lnx64.o/libtcl8.5.so(Tcl_FSEvalFileEx+0x1da) [0x7f4ad8ec0c5a]
/home/bini/Xilinx/Vivado/2018.3/lib/lnx64.o/librdi_commontasks.so(+0x1f6abd) [0x7f4ad3707abd]
/home/bini/Xilinx/Vivado/2018.3/lib/lnx64.o/librdi_common.so(+0x7ef352) [0x7f4adec2e352]
/home/bini/Xilinx/Vivado/2018.3/lib/lnx64.o/libtcl8.5.so(+0x334af) [0x7f4ad8e5a4af]
/home/bini/Xilinx/Vivado/2018.3/lib/lnx64.o/libtcl8.5.so(Tcl_EvalObjv+0x32) [0x7f4ad8e5a5e2]
/home/bini/Xilinx/Vivado/2018.3/lib/lnx64.o/libtcl8.5.so(TclEvalObjEx+0x322) [0x7f4ad8e5c402]
/home/bini/Xilinx/Vivado/2018.3/lib/lnx64.o/librdi_commontasks.so(+0x2280ff) [0x7f4ad37390ff]
/home/bini/Xilinx/Vivado/2018.3/lib/lnx64.o/librdi_commontasks.so(+0x2297ce) [0x7f4ad373a7ce]
/home/bini/Xilinx/Vivado/2018.3/lib/lnx64.o/librdi_common.so(+0x7ef352) [0x7f4adec2e352]
/home/bini/Xilinx/Vivado/2018.3/lib/lnx64.o/libtcl8.5.so(+0x334af) [0x7f4ad8e5a4af]
/home/bini/Xilinx/Vivado/2018.3/lib/lnx64.o/libtcl8.5.so(Tcl_EvalObjv+0x32) [0x7f4ad8e5a5e2]
/home/bini/Xilinx/Vivado/2018.3/lib/lnx64.o/libtcl8.5.so(TclEvalObjEx+0x322) [0x7f4ad8e5c402]
/home/bini/Xilinx/Vivado/2018.3/lib/lnx64.o/librdi_commonmain.so(+0x7414) [0x7f4ade23b414]
/home/bini/Xilinx/Vivado/2018.3/lib/lnx64.o/libtcl8.5.so(Tcl_Main+0x1d0) [0x7f4ad8ec7210]
/home/bini/Xilinx/Vivado/2018.3/lib/lnx64.o/librdi_common.so(+0x83363b) [0x7f4adec7263b]
/lib/x86_64-linux-gnu/libpthread.so.0(+0x7494) [0x7f4add6e9494]
/lib/x86_64-linux-gnu/libc.so.6(clone+0x3f) [0x7f4add9e7acf]
